05:26:00 PM:JDE.JDE:16}:INFO - Python version: 3.5.2
05:26:00 PM:JDE.JDE:18}:INFO - Importing tkinter
05:26:00 PM:JDE.JDE:22}:INFO - Import Successful
05:26:00 PM:JDE.JDE:26}:INFO - Importing os
05:26:00 PM:JDE.JDE:30}:INFO - Import Successful
05:26:00 PM:JDE.JDE:34}:INFO - Importing JDE/Interfaces/login
05:26:01 PM:JDE.Interfaces.login:9}:DEBUG - Atempting to read settings file
05:26:01 PM:JDE.Interfaces.login:13}:DEBUG - System settings Detected!
05:26:01 PM:JDE.JDE:38}:INFO - Import Successful!
05:26:01 PM:JDE.JDE:42}:INFO - Importing JDE/Interfaces/desktop
05:26:01 PM:Programs.jpad:7}:DEBUG - Atempting to read settings file
05:26:01 PM:Programs.jpad:11}:DEBUG - System settings Detected!
05:26:01 PM:JDE.Interfaces.desktop:21}:DEBUG - Atempting to read settings file
05:26:01 PM:JDE.Interfaces.desktop:25}:DEBUG - System settings Detected!
05:26:01 PM:JDE.JDE:46}:INFO - Import Successful!
05:26:01 PM:JDE.Interfaces.login:160}:DEBUG - Running __init__
05:26:01 PM:JDE.Interfaces.login:139}:DEBUG - Running createWindow
05:26:01 PM:JDE.Interfaces.login:118}:DEBUG - Running createBackground
05:26:01 PM:PIL.PngImagePlugin:135}:DEBUG - STREAM b'IHDR' 16 13
05:26:01 PM:PIL.PngImagePlugin:135}:DEBUG - STREAM b'bKGD' 41 6
05:26:01 PM:PIL.PngImagePlugin:511}:DEBUG - b'bKGD' 41 6 (unknown)
05:26:01 PM:PIL.PngImagePlugin:135}:DEBUG - STREAM b'pHYs' 59 9
05:26:01 PM:PIL.PngImagePlugin:135}:DEBUG - STREAM b'tIME' 80 7
05:26:01 PM:PIL.PngImagePlugin:511}:DEBUG - b'tIME' 80 7 (unknown)
05:26:01 PM:PIL.PngImagePlugin:135}:DEBUG - STREAM b'iTXt' 99 29
05:26:01 PM:PIL.PngImagePlugin:135}:DEBUG - STREAM b'IDAT' 140 8192
05:26:02 PM:JDE.Interfaces.login:111}:DEBUG - Running createIcon
05:26:02 PM:JDE.Interfaces.login:71}:DEBUG - Running createWidgets
05:26:02 PM:JDE.Interfaces.login:21}:DEBUG - Running reposition
05:26:03 PM:JDE.Interfaces.login:130}:DEBUG - Running fullscreen
05:26:03 PM:JDE.Interfaces.login:21}:DEBUG - Running reposition
05:26:14 PM:JDE.Interfaces.login:21}:DEBUG - Running reposition
05:26:20 PM:JDE.Interfaces.login:130}:DEBUG - Running fullscreen
05:26:20 PM:JDE.Interfaces.login:21}:DEBUG - Running reposition
05:26:20 PM:JDE.Interfaces.login:130}:DEBUG - Running fullscreen
05:26:20 PM:JDE.Interfaces.login:21}:DEBUG - Running reposition
05:26:21 PM:JDE.JDE:60}:CRITICAL - [Errno 2] No such file or directory: 'active'
